2023-10-15  11:15:20 [main] INFO  HomePage.HomePageTest - starting browser successfully
2023-10-15  11:15:20 [main] INFO  HomePage.HomePageTest - home page passed test
2023-10-15  11:15:30 [main] INFO  LoginPage.LoginPageTest - starting browser successfully
2023-10-15  11:15:31 [main] INFO  LoginPage.LoginPageTest - login was verified successfully
2023-10-15  11:16:24 [main] INFO  HomePage.HomePageTest - starting browser successfully
2023-10-15  11:16:25 [main] INFO  HomePage.HomePageTest - home page passed test
2023-10-15  11:16:38 [main] INFO  LoginPage.LoginPageTest - starting browser successfully
2023-10-15  11:16:38 [main] ERROR LoginPage.LoginPageTest - login failed testjava.lang.AssertionError: expected [false] but found [true]
2023-10-15  11:25:02 [main] INFO  HomePage.HomePageTest - starting browser successfully
2023-10-15  11:25:02 [main] INFO  HomePage.HomePageTest - home page passed test
2023-10-15  11:25:14 [main] INFO  LoginPage.LoginPageTest - starting browser successfully
2023-10-15  11:25:15 [main] ERROR LoginPage.LoginPageTest - login failed testjava.lang.AssertionError: expected [false] but found [true]
2023-10-15  11:39:21 [main] INFO  HomePage.HomePageTest - starting browser successfully
2023-10-15  11:39:22 [main] INFO  HomePage.HomePageTest - home page passed test
2023-10-15  11:39:37 [main] INFO  LoginPage.LoginPageTest - starting browser successfully
2023-10-15  11:39:38 [main] ERROR LoginPage.LoginPageTest - login failed testjava.lang.AssertionError: expected [false] but found [true]
2023-10-15  11:58:57 [main] INFO  HomePage.HomePageTest - starting browser successfully
2023-10-15  11:58:57 [main] INFO  HomePage.HomePageTest - home page passed test
2023-10-15  11:59:08 [main] INFO  LoginPage.LoginPageTest - starting browser successfully
2023-10-15  11:59:09 [main] ERROR LoginPage.LoginPageTest - login failed testjava.lang.AssertionError: expected [false] but found [true]
